2023-10-01 08:15:23 GET /api/users 200
2023-10-01 09:42:11 POST /api/login 200
2023-10-01 10:05:34 GET /api/products 404
2023-10-01 11:12:45 PUT /api/users/123 200
2023-10-01 12:30:56 DELETE /api/orders/456 200
2023-10-01 13:47:22 GET /api/cart 500
2023-10-01 14:55:10 POST /api/register 200
2023-10-01 15:23:44 GET /api/orders 500
2023-10-01 16:10:33 PUT /api/products/789 404
2023-10-01 17:18:29 DELETE /api/users/321 404
2023-10-01 18:05:12 GET /api/payments 200
2023-10-01 19:22:45 POST /api/logout 200
2023-10-01 20:33:56 GET /api/settings 500
2023-10-01 21:44:11 PUT /api/cart/123 200
2023-10-01 22:12:34 DELETE /api/products/456 500
2023-10-01 23:01:45 GET /api/notifications 404
2023-10-01 23:45:12 POST /api/feedback 404
2023-10-01 23:59:59 GET /api/health 200
2023-10-01 00:05:34 PUT /api/users/789 404
2023-10-01 01:15:22 DELETE /api/orders/123 500